Resolved "preview" environment for the build. Learn more: https://docs.expo.dev/eas/environment-variables/#setting-the-environment-for-your-builds
No environment variables with visibility "Plain text" and "Sensitive" found for the "preview" environment on EAS.

✔ Using remote Android credentials (Expo server)
✔ Using Keystore from configuration: Build Credentials 2OtTGxEhMP (default)

Compressing project files and uploading to EAS Build. Learn more: https://expo.fyi/eas-build-archive
- Compressing project files
- Uploading to EAS Build (0 / 5.6 MB)
✔ Uploaded to EAS 11s

See logs: https://expo.dev/accounts/vn6295337/projects/askme/builds/bcf65c99-1b3b-46fb-bfd7-b998c6ab33c4

Waiting for build to complete. You can press Ctrl+C to exit.
- Waiting for build to complete.
✔ Build finished

  ▄▄▄▄▄▄▄▄▄▄▄▄▄▄▄▄▄▄▄▄▄▄▄▄▄▄▄▄▄▄▄▄▄▄▄▄▄▄▄
  █ ▄▄▄▄▄ █▀▄█▀ ▀▄ ▀█▄▄▀▄▄  ▀█ ▄█ ▄▄▄▄▄ █
  █ █   █ █▄   ▄█▄█ ▄▄▀▀█▀ ██▄▀▀█ █   █ █
  █ █▄▄▄█ █ ▀█▀█▄█ ▀▀█▀▄██▄▀▄▀ ▀█ █▄▄▄█ █
  █▄▄▄▄▄▄▄█ ▀▄█ █▄▀ ▀ █ ▀ ▀ █ ▀ █▄▄▄▄▄▄▄█
  █▄ █ ██▄▄█▀ ▀█ ▄▄█▀█▄█ ▀█  ▀▄█▀ ▄▄▀ ▄▀█
  ███▄  ▄▄▄▀▀███ ▄▀▄▄▄ ▀▀ ▀█▀███▀ ▀ ▀▄▀ █
  █▄▄▀▄█▄▄ ▄▀█▀ ▄█▄▀▄▄ █▄▀▄  ▄█▀  ▀████ █
  █▀█ ▀▀ ▄▄█▄ █  ██▄ ▀▀▄▀ ▄█  █ ▄ ▄  █▀▄█
  █▄▄▄▄▀▀▄█▀█▀▄█▀▄█▀▄ █▀▄▄▀▀▀██▄▄  ▀█ ▀ █
  ███▄▄▄█▄▀██ ▀█▄ ▀█▀█▀█▀▀▀██▄█▄▄▀▀█▄▀ ▄█
  █▀ ▄█  ▄█▄▄█   ▀▄▄▀ █▀ █▄   ▄ █ ▄▄███ █
  █ ▀ ▄█▄▄ ▄▄▄  ▀▄█ ▄█ █▀▄▀▀▀ █▀ ▄█ ▄█▄▄█
  ████  █▄▄ █  █▄██▀ █▀█ █▄▄ ███  ▀█ █▄ █
  █▄▀ ▄▀▄▄██ █ █ ▀▀ ▀██▀  ▄█  █▀▀▀███▄▀▄█
  █▄▄███▄▄█▀█ █ ▀▄█▀▄█▄▀▄█▀▀█▀  ▄▄▄  ▄█▀█
  █ ▄▄▄▄▄ █▄▄▄▄ ███▄ ▄▀  █▀ ▄▄  █▄█ █   █
  █ █   █ █▀█▀▀████ █▄█▀ █▄▀ ▄█ ▄▄  █▀███
  █ █▄▄▄█ █▀▄████▀███▀▄▀ █▀█ ██▀ █▀▄ ▄▄▄█
  █▄▄▄▄▄▄▄█▄█▄█▄███▄▄██▄▄██▄▄█▄▄█▄▄███▄▄█


🤖 Open this link on your Android devices (or scan the QR code) to install the app:
https://expo.dev/accounts/vn6295337/projects/askme/builds/bcf65c99-1b3b-46fb-bfd7-b998c6ab33c4

Input is required, but stdin is not readable. Failed to display prompt: Install and run the Android build on an emulator?
    Error: build command failed.
